<?xml version="1.0" encoding="UTF-8"?>
<testng-results ignored="0" total="1" passed="1" failed="0" skipped="0">
  <reporter-output>
  </reporter-output>
  <suite started-at="2023-12-14T12:11:06 IST" name="Default suite" finished-at="2023-12-14T12:11:26 IST" duration-ms="20068">
    <groups>
    </groups>
    <test started-at="2023-12-14T12:11:06 IST" name="Default test" finished-at="2023-12-14T12:11:26 IST" duration-ms="20068">
      <class name="automationFramework.HW2">
        <test-method is-config="true" signature="beforeMethod()[pri:0, instance:automationFramework.HW2@3c407114]" started-at="2023-12-14T12:11:06 IST" name="beforeMethod" finished-at="2023-12-14T12:11:09 IST" duration-ms="3108" status="PASS">
          <reporter-output>
          </reporter-output>
        </test-method> <!-- beforeMethod -->
        <test-method signature="f()[pri:0, instance:automationFramework.HW2@3c407114]" started-at="2023-12-14T12:11:09 IST" name="f" finished-at="2023-12-14T12:11:26 IST" duration-ms="16735" status="PASS">
          <reporter-output>
          </reporter-output>
        </test-method> <!-- f -->
        <test-method is-config="true" signature="afterMethod()[pri:0, instance:automationFramework.HW2@3c407114]" started-at="2023-12-14T12:11:26 IST" name="afterMethod" finished-at="2023-12-14T12:11:26 IST" duration-ms="190" status="PASS">
          <reporter-output>
          </reporter-output>
        </test-method> <!-- afterMethod -->
      </class> <!-- automationFramework.HW2 -->
    </test> <!-- Default test -->
  </suite> <!-- Default suite -->
</testng-results>
